{"C:\\Users\\ALESSANDRO\\Documents\\CURSOS\\IGTI - FULLSTACK\\fs\\src\\modules\\appendDataFile.js": {"path":"C:\\Users\\ALESSANDRO\\Documents\\CURSOS\\IGTI - FULLSTACK\\fs\\src\\modules\\appendDataFile.js","statementMap":{"0":{"start":{"line":1,"column":17},"end":{"line":1,"column":38}},"1":{"start":{"line":2,"column":23},"end":{"line":2,"column":50}},"2":{"start":{"line":3,"column":18},"end":{"line":3,"column":40}},"3":{"start":{"line":4,"column":28},"end":{"line":4,"column":46}},"4":{"start":{"line":7,"column":23},"end":{"line":16,"column":1}},"5":{"start":{"line":8,"column":15},"end":{"line":8,"column":45}},"6":{"start":{"line":9,"column":1},"end":{"line":11,"column":2}},"7":{"start":{"line":10,"column":2},"end":{"line":10,"column":29}},"8":{"start":{"line":12,"column":14},"end":{"line":12,"column":38}},"9":{"start":{"line":13,"column":1},"end":{"line":13,"column":23}},"10":{"start":{"line":14,"column":1},"end":{"line":14,"column":33}},"11":{"start":{"line":15,"column":1},"end":{"line":15,"column":33}},"12":{"start":{"line":18,"column":0},"end":{"line":18,"column":32}}},"fnMap":{"0":{"name":"(anonymous_0)","decl":{"start":{"line":7,"column":23},"end":{"line":7,"column":24}},"loc":{"start":{"line":7,"column":50},"end":{"line":16,"column":1}},"line":7}},"branchMap":{"0":{"loc":{"start":{"line":9,"column":1},"end":{"line":11,"column":2}},"type":"if","locations":[{"start":{"line":9,"column":1},"end":{"line":11,"column":2}},{"start":{"line":9,"column":1},"end":{"line":11,"column":2}}],"line":9}},"s":{"0":1,"1":1,"2":1,"3":1,"4":1,"5":3,"6":3,"7":1,"8":2,"9":2,"10":2,"11":2,"12":1},"f":{"0":3},"b":{"0":[1,2]},"_coverageSchema":"1a1c01bbd47fc00a2c39e90264f33305004495a9","hash":"cb9d989efd34b5c46de84fe1b5ceecf511be3a6b"}
,"C:\\Users\\ALESSANDRO\\Documents\\CURSOS\\IGTI - FULLSTACK\\fs\\src\\modules\\checkFileExist.js": {"path":"C:\\Users\\ALESSANDRO\\Documents\\CURSOS\\IGTI - FULLSTACK\\fs\\src\\modules\\checkFileExist.js","statementMap":{"0":{"start":{"line":1,"column":19},"end":{"line":1,"column":32}},"1":{"start":{"line":2,"column":18},"end":{"line":2,"column":43}},"2":{"start":{"line":3,"column":13},"end":{"line":3,"column":28}},"3":{"start":{"line":5,"column":23},"end":{"line":7,"column":1}},"4":{"start":{"line":6,"column":1},"end":{"line":6,"column":62}},"5":{"start":{"line":9,"column":0},"end":{"line":9,"column":32}}},"fnMap":{"0":{"name":"(anonymous_0)","decl":{"start":{"line":5,"column":23},"end":{"line":5,"column":24}},"loc":{"start":{"line":5,"column":43},"end":{"line":7,"column":1}},"line":5}},"branchMap":{},"s":{"0":1,"1":1,"2":1,"3":1,"4":29,"5":1},"f":{"0":29},"b":{},"_coverageSchema":"1a1c01bbd47fc00a2c39e90264f33305004495a9","hash":"fa6b920689e712bd57856e292b8ca605ee875b68"}
,"C:\\Users\\ALESSANDRO\\Documents\\CURSOS\\IGTI - FULLSTACK\\fs\\src\\modules\\createFile.js": {"path":"C:\\Users\\ALESSANDRO\\Documents\\CURSOS\\IGTI - FULLSTACK\\fs\\src\\modules\\createFile.js","statementMap":{"0":{"start":{"line":1,"column":19},"end":{"line":1,"column":32}},"1":{"start":{"line":2,"column":11},"end":{"line":2,"column":30}},"2":{"start":{"line":3,"column":13},"end":{"line":3,"column":28}},"3":{"start":{"line":4,"column":18},"end":{"line":4,"column":43}},"4":{"start":{"line":6,"column":19},"end":{"line":8,"column":1}},"5":{"start":{"line":7,"column":1},"end":{"line":7,"column":79}},"6":{"start":{"line":10,"column":0},"end":{"line":10,"column":28}}},"fnMap":{"0":{"name":"(anonymous_0)","decl":{"start":{"line":6,"column":19},"end":{"line":6,"column":20}},"loc":{"start":{"line":6,"column":39},"end":{"line":8,"column":1}},"line":6}},"branchMap":{},"s":{"0":1,"1":1,"2":1,"3":1,"4":1,"5":3,"6":1},"f":{"0":3},"b":{},"_coverageSchema":"1a1c01bbd47fc00a2c39e90264f33305004495a9","hash":"276e5953de22d7c36a08d4b1e14f0787be582615"}
,"C:\\Users\\ALESSANDRO\\Documents\\CURSOS\\IGTI - FULLSTACK\\fs\\src\\modules\\deleteFile.js": {"path":"C:\\Users\\ALESSANDRO\\Documents\\CURSOS\\IGTI - FULLSTACK\\fs\\src\\modules\\deleteFile.js","statementMap":{"0":{"start":{"line":1,"column":19},"end":{"line":1,"column":32}},"1":{"start":{"line":2,"column":11},"end":{"line":2,"column":30}},"2":{"start":{"line":3,"column":13},"end":{"line":3,"column":28}},"3":{"start":{"line":4,"column":23},"end":{"line":4,"column":50}},"4":{"start":{"line":5,"column":18},"end":{"line":5,"column":40}},"5":{"start":{"line":6,"column":28},"end":{"line":6,"column":46}},"6":{"start":{"line":8,"column":19},"end":{"line":14,"column":1}},"7":{"start":{"line":9,"column":15},"end":{"line":9,"column":45}},"8":{"start":{"line":10,"column":1},"end":{"line":12,"column":2}},"9":{"start":{"line":11,"column":2},"end":{"line":11,"column":57}},"10":{"start":{"line":13,"column":1},"end":{"line":13,"column":28}},"11":{"start":{"line":16,"column":0},"end":{"line":16,"column":28}}},"fnMap":{"0":{"name":"(anonymous_0)","decl":{"start":{"line":8,"column":19},"end":{"line":8,"column":20}},"loc":{"start":{"line":8,"column":39},"end":{"line":14,"column":1}},"line":8}},"branchMap":{"0":{"loc":{"start":{"line":10,"column":1},"end":{"line":12,"column":2}},"type":"if","locations":[{"start":{"line":10,"column":1},"end":{"line":12,"column":2}},{"start":{"line":10,"column":1},"end":{"line":12,"column":2}}],"line":10}},"s":{"0":1,"1":1,"2":1,"3":1,"4":1,"5":1,"6":1,"7":4,"8":4,"9":3,"10":1,"11":1},"f":{"0":4},"b":{"0":[3,1]},"_coverageSchema":"1a1c01bbd47fc00a2c39e90264f33305004495a9","hash":"a3d8c551104153aafe4e143a6510e6c0733870d0"}
,"C:\\Users\\ALESSANDRO\\Documents\\CURSOS\\IGTI - FULLSTACK\\fs\\src\\modules\\error.js": {"path":"C:\\Users\\ALESSANDRO\\Documents\\CURSOS\\IGTI - FULLSTACK\\fs\\src\\modules\\error.js","statementMap":{"0":{"start":{"line":1,"column":28},"end":{"line":1,"column":58}},"1":{"start":{"line":2,"column":0},"end":{"line":2,"column":36}}},"fnMap":{},"branchMap":{},"s":{"0":1,"1":1},"f":{},"b":{},"_coverageSchema":"1a1c01bbd47fc00a2c39e90264f33305004495a9","hash":"f3a3923b82eb329cc05167347307e36d72e1e3ba"}
,"C:\\Users\\ALESSANDRO\\Documents\\CURSOS\\IGTI - FULLSTACK\\fs\\src\\modules\\readFile.js": {"path":"C:\\Users\\ALESSANDRO\\Documents\\CURSOS\\IGTI - FULLSTACK\\fs\\src\\modules\\readFile.js","statementMap":{"0":{"start":{"line":1,"column":23},"end":{"line":1,"column":50}},"1":{"start":{"line":2,"column":19},"end":{"line":2,"column":32}},"2":{"start":{"line":3,"column":11},"end":{"line":3,"column":30}},"3":{"start":{"line":4,"column":13},"end":{"line":4,"column":28}},"4":{"start":{"line":5,"column":18},"end":{"line":5,"column":40}},"5":{"start":{"line":6,"column":28},"end":{"line":6,"column":46}},"6":{"start":{"line":8,"column":17},"end":{"line":18,"column":1}},"7":{"start":{"line":9,"column":1},"end":{"line":17,"column":2}},"8":{"start":{"line":10,"column":16},"end":{"line":10,"column":46}},"9":{"start":{"line":11,"column":2},"end":{"line":13,"column":3}},"10":{"start":{"line":12,"column":3},"end":{"line":12,"column":81}},"11":{"start":{"line":14,"column":2},"end":{"line":14,"column":42}},"12":{"start":{"line":16,"column":2},"end":{"line":16,"column":29}},"13":{"start":{"line":20,"column":0},"end":{"line":20,"column":26}}},"fnMap":{"0":{"name":"(anonymous_0)","decl":{"start":{"line":8,"column":17},"end":{"line":8,"column":18}},"loc":{"start":{"line":8,"column":37},"end":{"line":18,"column":1}},"line":8}},"branchMap":{"0":{"loc":{"start":{"line":11,"column":2},"end":{"line":13,"column":3}},"type":"if","locations":[{"start":{"line":11,"column":2},"end":{"line":13,"column":3}},{"start":{"line":11,"column":2},"end":{"line":13,"column":3}}],"line":11}},"s":{"0":1,"1":1,"2":1,"3":1,"4":1,"5":1,"6":1,"7":12,"8":12,"9":12,"10":11,"11":1,"12":1,"13":1},"f":{"0":12},"b":{"0":[11,1]},"_coverageSchema":"1a1c01bbd47fc00a2c39e90264f33305004495a9","hash":"bc5aace6fa7a82a086a94ceb95a865850b2754ab"}
,"C:\\Users\\ALESSANDRO\\Documents\\CURSOS\\IGTI - FULLSTACK\\fs\\src\\modules\\variables.js": {"path":"C:\\Users\\ALESSANDRO\\Documents\\CURSOS\\IGTI - FULLSTACK\\fs\\src\\modules\\variables.js","statementMap":{"0":{"start":{"line":1,"column":13},"end":{"line":1,"column":28}},"1":{"start":{"line":2,"column":18},"end":{"line":2,"column":53}},"2":{"start":{"line":3,"column":0},"end":{"line":3,"column":27}}},"fnMap":{},"branchMap":{},"s":{"0":1,"1":1,"2":1},"f":{},"b":{},"_coverageSchema":"1a1c01bbd47fc00a2c39e90264f33305004495a9","hash":"9fab5b10afb57ad69c5eaa7e27dde15f2c42cdf4"}
,"C:\\Users\\ALESSANDRO\\Documents\\CURSOS\\IGTI - FULLSTACK\\fs\\src\\modules\\writeFile.js": {"path":"C:\\Users\\ALESSANDRO\\Documents\\CURSOS\\IGTI - FULLSTACK\\fs\\src\\modules\\writeFile.js","statementMap":{"0":{"start":{"line":1,"column":19},"end":{"line":1,"column":32}},"1":{"start":{"line":2,"column":11},"end":{"line":2,"column":30}},"2":{"start":{"line":3,"column":17},"end":{"line":3,"column":38}},"3":{"start":{"line":4,"column":13},"end":{"line":4,"column":28}},"4":{"start":{"line":5,"column":18},"end":{"line":5,"column":40}},"5":{"start":{"line":6,"column":19},"end":{"line":6,"column":42}},"6":{"start":{"line":7,"column":23},"end":{"line":7,"column":50}},"7":{"start":{"line":8,"column":28},"end":{"line":8,"column":46}},"8":{"start":{"line":10,"column":18},"end":{"line":25,"column":1}},"9":{"start":{"line":11,"column":1},"end":{"line":24,"column":2}},"10":{"start":{"line":13,"column":16},"end":{"line":13,"column":46}},"11":{"start":{"line":14,"column":2},"end":{"line":19,"column":3}},"12":{"start":{"line":15,"column":3},"end":{"line":15,"column":30}},"13":{"start":{"line":16,"column":3},"end":{"line":16,"column":35}},"14":{"start":{"line":18,"column":3},"end":{"line":18,"column":35}},"15":{"start":{"line":20,"column":2},"end":{"line":20,"column":85}},"16":{"start":{"line":21,"column":2},"end":{"line":21,"column":34}},"17":{"start":{"line":23,"column":2},"end":{"line":23,"column":29}},"18":{"start":{"line":27,"column":0},"end":{"line":27,"column":27}}},"fnMap":{"0":{"name":"(anonymous_0)","decl":{"start":{"line":10,"column":18},"end":{"line":10,"column":19}},"loc":{"start":{"line":10,"column":45},"end":{"line":25,"column":1}},"line":10}},"branchMap":{"0":{"loc":{"start":{"line":14,"column":2},"end":{"line":19,"column":3}},"type":"if","locations":[{"start":{"line":14,"column":2},"end":{"line":19,"column":3}},{"start":{"line":14,"column":2},"end":{"line":19,"column":3}}],"line":14}},"s":{"0":1,"1":1,"2":1,"3":1,"4":1,"5":1,"6":1,"7":1,"8":1,"9":4,"10":4,"11":3,"12":1,"13":1,"14":2,"15":3,"16":3,"17":1,"18":1},"f":{"0":4},"b":{"0":[1,2]},"_coverageSchema":"1a1c01bbd47fc00a2c39e90264f33305004495a9","hash":"a641d568e33ad2659f64d13bea2f933decc36f93"}
}
